<?xml version="1.0" encoding="UTF-8"?>
<!-- Generated by org.testng.reporters.JUnitReportReporter -->
<testsuite skipped="0" hostname="DESKTOP-H54NEVQ" name="com.test.group.Sample3" tests="2" failures="0" timestamp="22 Aug 2022 18:03:32 GMT" time="0.033" errors="0">
  <testcase name="tc2" time="0.027" classname="com.test.group.Sample3"/>
  <testcase name="tc3" time="0.006" classname="com.test.group.Sample3"/>
</testsuite> <!-- com.test.group.Sample3 -->
